<?xml version="1.0" encoding="UTF-8"?>
<testsuite name="C:/Users/mabassra.SCT/OneDrive - DP World/Documents/Projects/AsimSwiggy/src/test/java/Swiggy/BasicExtentReport.java"
           tests="3"
           failures="0"
           errors="0"
           skipped="0"
           time="23.484">
  <properties />
  
  
            <testcase name="ChooseAhmedabad" time="3.441" classname="Swiggy.BasicExtentReport" />
                <testcase name="SelectMargheritaPiza" time="15.322" classname="Swiggy.BasicExtentReport" />
                <testcase name="SelectPizaHut" time="4.721" classname="Swiggy.BasicExtentReport" />
      
</testsuite>
