<?xml version="1.0" encoding="UTF-8"?>
<testsuite name="C:/Users/mabassra.SCT/OneDrive - DP World/Documents/Projects/AsimSwiggy/src/test/java/Swiggy/BasicExtentReport.java"
           tests="3"
           failures="0"
           errors="0"
           skipped="0"
           time="23.274">
  <properties />
  
  
            <testcase name="SelectMargheritaPiza" time="17.119" classname="Swiggy.BasicExtentReport" />
                <testcase name="SelectPizaHut" time="2.474" classname="Swiggy.BasicExtentReport" />
                <testcase name="ChooseAhmedabad" time="3.681" classname="Swiggy.BasicExtentReport" />
      
</testsuite>
