<?xml version="1.0" encoding="UTF-8"?>
<testsuite name="C:/Users/mabassra.SCT/OneDrive - DP World/Documents/Projects/AsimSwiggy/src/test/java/Swiggy/BasicExtentReport.java"
           tests="5"
           failures="0"
           errors="0"
           skipped="0"
           time="0.005">
  <properties />
  
  
            <testcase name="testReadExcelData" time="0.001" classname="UtilitiesExcelReader.LoginData" />
                <testcase name="testReadExcelData" time="0.001" classname="UtilitiesExcelReader.LoginData" />
                <testcase name="testReadExcelData" time="0.001" classname="UtilitiesExcelReader.LoginData" />
                <testcase name="testReadExcelData" time="0.001" classname="UtilitiesExcelReader.LoginData" />
                <testcase name="testReadExcelData" time="0.001" classname="UtilitiesExcelReader.LoginData" />
      
</testsuite>
